<?xml version="1.0" encoding="UTF-8"?>
<!-- Generated by org.testng.reporters.JUnitXMLReporter -->
<testsuite ignored="42" hostname="MAA-5CG9353VSB" failures="1" tests="1" name="Default test" time="8.388" errors="0" timestamp="2021-12-29T00:57:06 IST">
  <testcase classname="RegistrationformTests" name="ValidateName4" time="1.168">
    <failure type="org.openqa.selenium.NoSuchElementException" message="no such element: Unable to locate element: {&amp;quot;method&amp;quot;:&amp;quot;xpath&amp;quot;,&amp;quot;selector&amp;quot;:&amp;quot;//em[@id=&amp;apos;first_name-error&amp;apos;]&amp;quot;}
  (Session info: chrome=96.0.4664.110)
For documentation on this error, please visit: https://selenium.dev/exceptions/#no_such_element
Build info: version: &amp;apos;4.1.0&amp;apos;, revision: &amp;apos;87802e897b&amp;apos;
System info: host: &amp;apos;MAA-5CG9353VSB&amp;apos;, ip: &amp;apos;11.144.22.9&amp;apos;, os.name: &amp;apos;Windows 10&amp;apos;, os.arch: &amp;apos;amd64&amp;apos;, os.version: &amp;apos;10.0&amp;apos;, java.version: &amp;apos;16.0.2&amp;apos;
Driver info: org.openqa.selenium.chrome.ChromeDriver
Command: [68c71f5d14d09558d0a81c25be01da35, findElement {using=xpath, value=//em[@id=&amp;apos;first_name-error&amp;apos;]}]
Capabilities {acceptInsecureCerts: false, browserName: chrome, browserVersion: 96.0.4664.110, chrome: {chromedriverVersion: 96.0.4664.45 (76e4c1bb2ab46..., userDataDir: C:\Users\jeswanr\AppData\Lo...}, goog:chromeOptions: {debuggerAddress: localhost:61374}, javascriptEnabled: true, networkConnectionEnabled: false, pageLoadStrategy: normal, platform: WINDOWS, platformName: WINDOWS, proxy: Proxy(), se:cdp: ws://localhost:61374/devtoo..., se:cdpVersion: 96.0.4664.110, setWindowRect: true, strictFileInteractability: false, timeouts: {implicit: 0, pageLoad: 300000, script: 30000}, unhandledPromptBehavior: dismiss and notify, webauthn:extension:credBlob: true, webauthn:extension:largeBlob: true, webauthn:virtualAuthenticators: true}
Session ID: 68c71f5d14d09558d0a81c25be01da35">
      <![CDATA[org.openqa.selenium.NoSuchElementException: no such element: Unable to locate element: {"method":"xpath","selector":"//em[@id='first_name-error']"}
  (Session info: chrome=96.0.4664.110)
For documentation on this error, please visit: https://selenium.dev/exceptions/#no_such_element
Build info: version: '4.1.0', revision: '87802e897b'
System info: host: 'MAA-5CG9353VSB', ip: '11.144.22.9', os.name: 'Windows 10', os.arch: 'amd64', os.version: '10.0', java.version: '16.0.2'
Driver info: org.openqa.selenium.chrome.ChromeDriver
Command: [68c71f5d14d09558d0a81c25be01da35, findElement {using=xpath, value=//em[@id='first_name-error']}]
Capabilities {acceptInsecureCerts: false, browserName: chrome, browserVersion: 96.0.4664.110, chrome: {chromedriverVersion: 96.0.4664.45 (76e4c1bb2ab46..., userDataDir: C:\Users\jeswanr\AppData\Lo...}, goog:chromeOptions: {debuggerAddress: localhost:61374}, javascriptEnabled: true, networkConnectionEnabled: false, pageLoadStrategy: normal, platform: WINDOWS, platformName: WINDOWS, proxy: Proxy(), se:cdp: ws://localhost:61374/devtoo..., se:cdpVersion: 96.0.4664.110, setWindowRect: true, strictFileInteractability: false, timeouts: {implicit: 0, pageLoad: 300000, script: 30000}, unhandledPromptBehavior: dismiss and notify, webauthn:extension:credBlob: true, webauthn:extension:largeBlob: true, webauthn:virtualAuthenticators: true}
Session ID: 68c71f5d14d09558d0a81c25be01da35
at java.base/jdk.internal.reflect.NativeConstructorAccessorImpl.newInstance0(Native Method)
at java.base/jdk.internal.reflect.NativeConstructorAccessorImpl.newInstance(NativeConstructorAccessorImpl.java:78)
at java.base/jdk.internal.reflect.DelegatingConstructorAccessorImpl.newInstance(DelegatingConstructorAccessorImpl.java:45)
at java.base/java.lang.reflect.Constructor.newInstanceWithCaller(Constructor.java:499)
at java.base/java.lang.reflect.Constructor.newInstance(Constructor.java:480)
at org.openqa.selenium.remote.codec.w3c.W3CHttpResponseCodec.createException(W3CHttpResponseCodec.java:200)
at org.openqa.selenium.remote.codec.w3c.W3CHttpResponseCodec.decode(W3CHttpResponseCodec.java:133)
at org.openqa.selenium.remote.codec.w3c.W3CHttpResponseCodec.decode(W3CHttpResponseCodec.java:53)
at org.openqa.selenium.remote.HttpCommandExecutor.execute(HttpCommandExecutor.java:184)
at org.openqa.selenium.remote.service.DriverCommandExecutor.invokeExecute(DriverCommandExecutor.java:164)
at org.openqa.selenium.remote.service.DriverCommandExecutor.execute(DriverCommandExecutor.java:139)
at org.openqa.selenium.remote.RemoteWebDriver.execute(RemoteWebDriver.java:559)
at org.openqa.selenium.remote.ElementLocation$ElementFinder$2.findElement(ElementLocation.java:162)
at org.openqa.selenium.remote.ElementLocation.findElement(ElementLocation.java:60)
at org.openqa.selenium.remote.RemoteWebDriver.findElement(RemoteWebDriver.java:383)
at org.openqa.selenium.remote.RemoteWebDriver.findElement(RemoteWebDriver.java:375)
at org.openqa.selenium.support.pagefactory.DefaultElementLocator.findElement(DefaultElementLocator.java:70)
at org.openqa.selenium.support.pagefactory.internal.LocatingElementHandler.invoke(LocatingElementHandler.java:39)
at jdk.proxy2/jdk.proxy2.$Proxy17.getText(Unknown Source)
at com.ng.pageobjects.Registerform.validateName(Registerform.java:427)
at RegistrationformTests.ValidateName4(RegistrationformTests.java:540)
at java.base/jdk.internal.reflect.NativeMethodAccessorImpl.invoke0(Native Method)
at java.base/jdk.internal.reflect.NativeMethodAccessorImpl.invoke(NativeMethodAccessorImpl.java:78)
at java.base/jdk.internal.reflect.DelegatingMethodAccessorImpl.invoke(DelegatingMethodAccessorImpl.java:43)
at java.base/java.lang.reflect.Method.invoke(Method.java:567)
at org.testng.internal.MethodInvocationHelper.invokeMethod(MethodInvocationHelper.java:133)
at org.testng.internal.TestInvoker.invokeMethod(TestInvoker.java:598)
at org.testng.internal.TestInvoker.invokeTestMethod(TestInvoker.java:173)
at org.testng.internal.MethodRunner.runInSequence(MethodRunner.java:46)
at org.testng.internal.TestInvoker$MethodInvocationAgent.invoke(TestInvoker.java:824)
at org.testng.internal.TestInvoker.invokeTestMethods(TestInvoker.java:146)
at org.testng.internal.TestMethodWorker.invokeTestMethods(TestMethodWorker.java:146)
at org.testng.internal.TestMethodWorker.run(TestMethodWorker.java:128)
at java.base/java.util.ArrayList.forEach(ArrayList.java:1511)
at org.testng.TestRunner.privateRun(TestRunner.java:794)
at org.testng.TestRunner.run(TestRunner.java:596)
at org.testng.SuiteRunner.runTest(SuiteRunner.java:377)
at org.testng.SuiteRunner.runSequentially(SuiteRunner.java:371)
at org.testng.SuiteRunner.privateRun(SuiteRunner.java:332)
at org.testng.SuiteRunner.run(SuiteRunner.java:276)
at org.testng.SuiteRunnerWorker.runSuite(SuiteRunnerWorker.java:53)
at org.testng.SuiteRunnerWorker.run(SuiteRunnerWorker.java:96)
at org.testng.TestNG.runSuitesSequentially(TestNG.java:1212)
at org.testng.TestNG.runSuitesLocally(TestNG.java:1134)
at org.testng.TestNG.runSuites(TestNG.java:1063)
at org.testng.TestNG.run(TestNG.java:1031)
at org.testng.remote.AbstractRemoteTestNG.run(AbstractRemoteTestNG.java:115)
at org.testng.remote.RemoteTestNG.initAndRun(RemoteTestNG.java:251)
at org.testng.remote.RemoteTestNG.main(RemoteTestNG.java:77)
]]>
    </failure>
  </testcase> <!-- ValidateName4 -->
  <testcase classname="RegistrationformTests" name="PaymentDropDown" time="0.0">
    <ignored/>
  </testcase> <!-- PaymentDropDown -->
  <testcase classname="RegistrationformTests" name="ValidEmail4" time="0.0">
    <ignored/>
  </testcase> <!-- ValidEmail4 -->
  <testcase classname="RegistrationformTests" name="EnterFullName" time="0.0">
    <ignored/>
  </testcase> <!-- EnterFullName -->
  <testcase classname="RegistrationformTests" name="MonthlysaleDropDown" time="0.0">
    <ignored/>
  </testcase> <!-- MonthlysaleDropDown -->
  <testcase classname="RegistrationformTests" name="citycount" time="0.0">
    <ignored/>
  </testcase> <!-- citycount -->
  <testcase classname="RegistrationformTests" name="DefaultChckBox" time="0.0">
    <ignored/>
  </testcase> <!-- DefaultChckBox -->
  <testcase classname="RegistrationformTests" name="ClickYes" time="0.0">
    <ignored/>
  </testcase> <!-- ClickYes -->
  <testcase classname="RegistrationformTests" name="CityDropDown" time="0.0">
    <ignored/>
  </testcase> <!-- CityDropDown -->
  <testcase classname="RegistrationformTests" name="cardDropdown" time="0.0">
    <ignored/>
  </testcase> <!-- cardDropdown -->
  <testcase classname="RegistrationformTests" name="IndustryDropDown" time="0.0">
    <ignored/>
  </testcase> <!-- IndustryDropDown -->
  <testcase classname="RegistrationformTests" name="EnterEmail" time="0.0">
    <ignored/>
  </testcase> <!-- EnterEmail -->
  <testcase classname="RegistrationformTests" name="ValidEmail1" time="0.0">
    <ignored/>
  </testcase> <!-- ValidEmail1 -->
  <testcase classname="RegistrationformTests" name="ValidEmail2" time="0.0">
    <ignored/>
  </testcase> <!-- ValidEmail2 -->
  <testcase classname="RegistrationformTests" name="EnterNumber" time="0.0">
    <ignored/>
  </testcase> <!-- EnterNumber -->
  <testcase classname="RegistrationformTests" name="ValidEmail3" time="0.0">
    <ignored/>
  </testcase> <!-- ValidEmail3 -->
  <testcase classname="RegistrationformTests" name="ValidEmail5" time="0.0">
    <ignored/>
  </testcase> <!-- ValidEmail5 -->
  <testcase classname="RegistrationformTests" name="ValidEmail6" time="0.0">
    <ignored/>
  </testcase> <!-- ValidEmail6 -->
  <testcase classname="RegistrationformTests" name="ValidEmail7" time="0.0">
    <ignored/>
  </testcase> <!-- ValidEmail7 -->
  <testcase classname="RegistrationformTests" name="BusinessExpDropDown" time="0.0">
    <ignored/>
  </testcase> <!-- BusinessExpDropDown -->
  <testcase classname="RegistrationformTests" name="ValidateName1" time="0.0">
    <ignored/>
  </testcase> <!-- ValidateName1 -->
  <testcase classname="RegistrationformTests" name="Industrycount" time="0.0">
    <ignored/>
  </testcase> <!-- Industrycount -->
  <testcase classname="RegistrationformTests" name="ValidateName3" time="0.0">
    <ignored/>
  </testcase> <!-- ValidateName3 -->
  <testcase classname="RegistrationformTests" name="ValidMobile2" time="0.0">
    <ignored/>
  </testcase> <!-- ValidMobile2 -->
  <testcase classname="RegistrationformTests" name="CharInValidMobile5" time="0.0">
    <ignored/>
  </testcase> <!-- CharInValidMobile5 -->
  <testcase classname="RegistrationformTests" name="CharInValidMobile4" time="0.0">
    <ignored/>
  </testcase> <!-- CharInValidMobile4 -->
  <testcase classname="RegistrationformTests" name="FullFormwithYes" time="0.0">
    <ignored/>
  </testcase> <!-- FullFormwithYes -->
  <testcase classname="RegistrationformTests" name="CharInValidMobile3" time="0.0">
    <ignored/>
  </testcase> <!-- CharInValidMobile3 -->
  <testcase classname="RegistrationformTests" name="ValidateName" time="0.0">
    <ignored/>
  </testcase> <!-- ValidateName -->
  <testcase classname="RegistrationformTests" name="TextValidationcase" time="0.0">
    <ignored/>
  </testcase> <!-- TextValidationcase -->
  <testcase classname="RegistrationformTests" name="ValidteName2" time="0.0">
    <ignored/>
  </testcase> <!-- ValidteName2 -->
  <testcase classname="RegistrationformTests" name="ValidMobile6" time="0.0">
    <ignored/>
  </testcase> <!-- ValidMobile6 -->
  <testcase classname="RegistrationformTests" name="ValidMobile7" time="0.0">
    <ignored/>
  </testcase> <!-- ValidMobile7 -->
  <testcase classname="RegistrationformTests" name="CharInValidMobile2" time="0.0">
    <ignored/>
  </testcase> <!-- CharInValidMobile2 -->
  <testcase classname="RegistrationformTests" name="CharInValidMobile1" time="0.0">
    <ignored/>
  </testcase> <!-- CharInValidMobile1 -->
  <testcase classname="RegistrationformTests" name="MonthlyCount" time="0.0">
    <ignored/>
  </testcase> <!-- MonthlyCount -->
  <testcase classname="RegistrationformTests" name="Businesscount" time="0.0">
    <ignored/>
  </testcase> <!-- Businesscount -->
  <testcase classname="RegistrationformTests" name="ValidMobile4" time="0.0">
    <ignored/>
  </testcase> <!-- ValidMobile4 -->
  <testcase classname="RegistrationformTests" name="ValidMobile3" time="0.0">
    <ignored/>
  </testcase> <!-- ValidMobile3 -->
  <testcase classname="RegistrationformTests" name="ValidMobile5" time="0.0">
    <ignored/>
  </testcase> <!-- ValidMobile5 -->
  <testcase classname="RegistrationformTests" name="FullFormwithNO" time="0.0">
    <ignored/>
  </testcase> <!-- FullFormwithNO -->
  <testcase classname="RegistrationformTests" name="ClickNo" time="0.0">
    <ignored/>
  </testcase> <!-- ClickNo -->
  <testcase classname="RegistrationformTests" name="ValidMobile1" time="0.0">
    <ignored/>
  </testcase> <!-- ValidMobile1 -->
</testsuite> <!-- Default test -->
